<?xml version="1.0" encoding="UTF-8"?>
<!-- Generated by org.testng.reporters.JUnitReportReporter -->
<testsuite skipped="0" hostname="DESKTOP-3KA80RE" name="testng.TestNGFeatures" tests="4" failures="0" timestamp="2019-09-07T13:56:17 IST" time="0.007" errors="0">
  <testcase name="regPage" time="0.002" classname="testng.TestNGFeatures"/>
  <testcase name="searchPage" time="0.002" classname="testng.TestNGFeatures"/>
  <testcase name="loginPage" time="0.001" classname="testng.TestNGFeatures"/>
  <testcase name="homePage" time="0.002" classname="testng.TestNGFeatures"/>
</testsuite> <!-- testng.TestNGFeatures -->
