<?xml version="1.0" encoding="UTF-8"?>
<!-- Generated by org.testng.reporters.JUnitReportReporter -->
<testsuite skipped="0" hostname="DESKTOP-3KA80RE" name="parameterTestng.ParameterTest" tests="1" failures="0" timestamp="2019-10-09T17:20:29 IST" time="97.109" errors="0">
  <testcase name="yahoologintest" time="97.109" classname="parameterTestng.ParameterTest"/>
</testsuite> <!-- parameterTestng.ParameterTest -->
