<?xml version="1.0" encoding="UTF-8"?>
<!-- Generated by org.testng.reporters.JUnitReportReporter -->
<testsuite skipped="0" hostname="DESKTOP-3KA80RE" name="TestNGFeatures" tests="4" failures="0" timestamp="2019-09-06T16:10:19 IST" time="0.011" errors="0">
  <testcase name="loginPage" time="0.009" classname="TestNGFeatures"/>
  <testcase name="regPage" time="0.001" classname="TestNGFeatures"/>
  <testcase name="searchPage" time="0.000" classname="TestNGFeatures"/>
  <testcase name="homePage" time="0.001" classname="TestNGFeatures"/>
</testsuite> <!-- TestNGFeatures -->
