<?xml version="1.0" encoding="UTF-8"?>
<!-- Generated by org.testng.reporters.JUnitReportReporter -->
<testsuite skipped="0" hostname="DESKTOP-3KA80RE" name="com.Datadriventest.Redifftest" tests="3" failures="0" timestamp="2019-10-10T14:35:31 IST" time="45.899" errors="0">
  <testcase name="redifTest" time="16.827" classname="com.Datadriventest.Redifftest"/>
  <testcase name="redifTest" time="14.219" classname="com.Datadriventest.Redifftest"/>
  <testcase name="redifTest" time="14.853" classname="com.Datadriventest.Redifftest"/>
</testsuite> <!-- com.Datadriventest.Redifftest -->
