<?xml version="1.0" encoding="UTF-8"?>
<!-- Generated by org.testng.reporters.JUnitReportReporter -->
<testsuite skipped="0" hostname="DESKTOP-3KA80RE" name="testng.invocationcountTest" tests="10" failures="0" timestamp="2019-09-07T13:56:17 IST" time="0.017" errors="0">
  <testcase name="invocTest" time="0.002" classname="testng.invocationcountTest"/>
  <testcase name="invocTest" time="0.002" classname="testng.invocationcountTest"/>
  <testcase name="invocTest" time="0.002" classname="testng.invocationcountTest"/>
  <testcase name="invocTest" time="0.002" classname="testng.invocationcountTest"/>
  <testcase name="invocTest" time="0.001" classname="testng.invocationcountTest"/>
  <testcase name="invocTest" time="0.001" classname="testng.invocationcountTest"/>
  <testcase name="invocTest" time="0.002" classname="testng.invocationcountTest"/>
  <testcase name="invocTest" time="0.002" classname="testng.invocationcountTest"/>
  <testcase name="invocTest" time="0.000" classname="testng.invocationcountTest"/>
  <testcase name="invocTest" time="0.003" classname="testng.invocationcountTest"/>
</testsuite> <!-- testng.invocationcountTest -->
