<?xml version="1.0" encoding="UTF-8"?>
<!-- Generated by org.testng.reporters.JUnitReportReporter -->
<testsuite skipped="0" hostname="DESKTOP-3KA80RE" name="testng.Testngbasic" tests="1" failures="0" timestamp="2019-09-07T13:56:17 IST" time="0.002" errors="0">
  <testcase name="googletitleTest" time="0.002" classname="testng.Testngbasic"/>
</testsuite> <!-- testng.Testngbasic -->
